DiagnosticsPluginLauncher.exe Information: 0 : [12/26/2015 15:38:37] At least one other instance of the launcher is running. Will wait until they all finish
DiagnosticsPluginLauncher.exe Information: 0 : [12/26/2015 15:38:37] Service running in Emulator Mode, will not wait/kill other instances of the launcher
DiagnosticsPluginLauncher.exe Information: 0 : [12/26/2015 15:38:37] Emulator config file set to C:\Users\victor\Source\Repos\Hahiti\Hahiti\csx\Debug\roles\Statistics Collector\approot\diagnostics.wadcfgx
DiagnosticsPluginLauncher.exe Information: 0 : [12/26/2015 15:38:37] DiagnosticsStoreRootPath set to: C:\Users\victor\Source\Repos\Hahiti\Hahiti\csx\Debug\roles\Statistics Collector\approot
DiagnosticsPluginLauncher.exe Information: 0 : [12/26/2015 15:38:37] Loading config file: C:\Users\victor\Source\Repos\Hahiti\Hahiti\csx\Debug\roles\Statistics Collector\approot\diagnostics.wadcfgx
DiagnosticsPluginLauncher.exe Information: 0 : [12/26/2015 15:38:37] Config file to read: C:\Users\victor\Source\Repos\Hahiti\Hahiti\csx\Debug\roles\Statistics Collector\approot\diagnostics.wadcfgx
DiagnosticsPluginLauncher.exe Information: 0 : [12/26/2015 15:38:37] Checking VM Type
DiagnosticsPluginLauncher.exe Information: 0 : [12/26/2015 15:38:37] Emulator config file set to C:\Users\victor\Source\Repos\Hahiti\Hahiti\csx\Debug\roles\Statistics Collector\approot\diagnostics.wadcfgx
DiagnosticsPluginLauncher.exe Information: 0 : [12/26/2015 15:38:37] Extension set to Emulator Mode
DiagnosticsPluginLauncher.exe Information: 0 : [12/26/2015 15:38:37] Reading XML configuration file
DiagnosticsPluginLauncher.exe Information: 0 : [12/26/2015 15:38:37] Bypassing private config decryption
DiagnosticsPluginLauncher.exe Information: 0 : [12/26/2015 15:38:37] Stopping the running plugin, if any
DiagnosticsPluginLauncher.exe Information: 0 : [12/26/2015 15:38:37] Found a MonAgentHost.exe. WadArguments: "C:\Users\victor\Source\Repos\Hahiti\Hahiti\csx\Debug\roles\REST API\plugins\Diagnostics\Monitor\x64\MonAgentHost.exe" -LocalPath "C:\Users\victor\Source\Repos\Hahiti\Hahiti\csx\Debug\roles\REST API\approot\WAD0105"  -ConfigFile "C:\Users\victor\Source\Repos\Hahiti\Hahiti\csx\Debug\roles\REST API\approot\WAD0105\Configuration\MaConfig.xml" -ShutDownEvent WADDM-ShutDown-ae7ce050a6084cbabdbd39d9f9b95f16  -TotalShutDownEvent WADDM-TotalShutDown-ae7ce050a6084cbabdbd39d9f9b95f16 -InitializedEvent WADM-StartUp-ae7ce050a6084cbabdbd39d9f9b95f16 -parent 11392 -events -wadVer1v5 -UseProxyServer -XStoreAccounts WadAccount#true#devstoreaccount1#Eby8vdM02xNOcqFlqUwJPLlmEtlCDXJ1OUzFT50uSRZ6IFsuFq2UVErCz4I6tq/K1SZFPTOtr/KBHBeksoGMGw==#http://127.0.0.1:10002#http://127.0.0.1:10001#http://127.0.0.1:10000.
DiagnosticsPluginLauncher.exe Information: 0 : [12/26/2015 15:38:37] Found a DiagnosticsPlugin.exe. WadArguments: "C:\Users\victor\Source\Repos\Hahiti\Hahiti\csx\Debug\roles\REST API\plugins\Diagnostics\DiagnosticsPlugin.exe" DiagnosticPlugin-ShutdownEvent DiagnosticPlugin-TotalShutdownEvent -wadVer1v5.
DiagnosticsPluginLauncher.exe Information: 0 : [12/26/2015 15:38:37] Loading config file: C:\Users\victor\Source\Repos\Hahiti\Hahiti\csx\Debug\roles\Statistics Collector\approot\diagnostics.wadcfgx
DiagnosticsPluginLauncher.exe Information: 0 : [12/26/2015 15:38:37] Config file to read: C:\Users\victor\Source\Repos\Hahiti\Hahiti\csx\Debug\roles\Statistics Collector\approot\diagnostics.wadcfgx
DiagnosticsPluginLauncher.exe Information: 0 : [12/26/2015 15:38:37] Reading XML configuration file
DiagnosticsPluginLauncher.exe Information: 0 : [12/26/2015 15:38:37] Bypassing private config decryption
DiagnosticsPluginLauncher.exe Information: 0 : [12/26/2015 15:38:37] Found a running wad2 MA not sharing the same local directory
DiagnosticsPluginLauncher.exe Information: 0 : [12/26/2015 15:38:37] Killing any DiagnosticsPlugin that might remain.
DiagnosticsPluginLauncher.exe Information: 0 : [12/26/2015 15:38:38] Found a DiagnosticsPlugin.exe. WadArguments: "C:\Users\victor\Source\Repos\Hahiti\Hahiti\csx\Debug\roles\REST API\plugins\Diagnostics\DiagnosticsPlugin.exe" DiagnosticPlugin-ShutdownEvent DiagnosticPlugin-TotalShutdownEvent -wadVer1v5.
DiagnosticsPluginLauncher.exe Information: 0 : [12/26/2015 15:38:39] Killing any MonAgentHost that might remain.
DiagnosticsPluginLauncher.exe Information: 0 : [12/26/2015 15:38:39] Diagnostics plugin stopped successfully
DiagnosticsPluginLauncher.exe Information: 0 : [12/26/2015 15:38:39] Resetting DiagnosticPlugin
