DiagnosticsPlugin.exe Information: 0 : [12/26/2015 15:38:39] Starting DiagnosticPlugin.exe DiagnosticPlugin-ShutdownEvent DiagnosticPlugin-TotalShutdownEvent -wadVer1v5
DiagnosticsPlugin.exe Information: 0 : [12/26/2015 15:38:39] Successfully saved IIS Directory state
DiagnosticsPlugin.exe Information: 0 : [12/26/2015 15:38:39] Starting DiagnosticsPlugin
DiagnosticsPlugin.exe Information: 0 : [12/26/2015 15:38:39] Emulator config file set to C:\Users\victor\Source\Repos\Hahiti\Hahiti\csx\Debug\roles\Statistics Collector\approot\diagnostics.wadcfgx
DiagnosticsPlugin.exe Information: 0 : [12/26/2015 15:38:39] DiagnosticsStoreRootPath set to: C:\Users\victor\Source\Repos\Hahiti\Hahiti\csx\Debug\roles\Statistics Collector\approot
DiagnosticsPlugin.exe Information: 0 : [12/26/2015 15:38:39] Loading config file: C:\Users\victor\Source\Repos\Hahiti\Hahiti\csx\Debug\roles\Statistics Collector\approot\diagnostics.wadcfgx
DiagnosticsPlugin.exe Information: 0 : [12/26/2015 15:38:39] Config file to read: C:\Users\victor\Source\Repos\Hahiti\Hahiti\csx\Debug\roles\Statistics Collector\approot\diagnostics.wadcfgx
DiagnosticsPlugin.exe Information: 0 : [12/26/2015 15:38:39] Checking VM Type
DiagnosticsPlugin.exe Information: 0 : [12/26/2015 15:38:39] Emulator config file set to C:\Users\victor\Source\Repos\Hahiti\Hahiti\csx\Debug\roles\Statistics Collector\approot\diagnostics.wadcfgx
DiagnosticsPlugin.exe Information: 0 : [12/26/2015 15:38:39] Extension set to Emulator Mode
DiagnosticsPlugin.exe Information: 0 : [12/26/2015 15:38:39] Reading XML configuration file
DiagnosticsPlugin.exe Information: 0 : [12/26/2015 15:38:39] Bypassing private config decryption
DiagnosticsPlugin.exe Information: 0 : [12/26/2015 15:38:39] WadCfg is provided in initial configuration. Using that to initialize Diagnostics.
DiagnosticsPlugin.exe Information: 0 : [12/26/2015 15:38:39] <PublicConfig xmlns="http://schemas.microsoft.com/ServiceHosting/2010/10/DiagnosticsConfiguration">
  <WadCfg>
    <DiagnosticMonitorConfiguration overallQuotaInMB="4096">
      <DiagnosticInfrastructureLogs scheduledTransferLogLevelFilter="Error" />
      <Logs scheduledTransferPeriod="PT1M" scheduledTransferLogLevelFilter="Error" />
      <Directories scheduledTransferPeriod="PT1M">
        <IISLogs containerName="wad-iis-logfiles" />
        <FailedRequestLogs containerName="wad-failedrequestlogs" />
      </Directories>
      <WindowsEventLog scheduledTransferPeriod="PT1M">
        <DataSource name="Application!*[System[(Level=1 or Level=2)]]" />
        <DataSource name="Windows Azure!*[System[(Level=1 or Level=2)]]" />
      </WindowsEventLog>
      <CrashDumps containerName="wad-crashdumps" dumpType="Mini">
        <CrashDumpConfiguration processName="WaIISHost.exe" />
        <CrashDumpConfiguration processName="WaWorkerHost.exe" />
        <CrashDumpConfiguration processName="w3wp.exe" />
      </CrashDumps>
      <PerformanceCounters scheduledTransferPeriod="PT1M">
        <PerformanceCounterConfiguration counterSpecifier="\Memory\Available MBytes" sampleRate="PT3M" />
        <PerformanceCounterConfiguration counterSpecifier="\Web Service(_Total)\ISAPI Extension Requests/sec" sampleRate="PT3M" />
        <PerformanceCounterConfiguration counterSpecifier="\Web Service(_Total)\Bytes Total/Sec" sampleRate="PT3M" />
        <PerformanceCounterConfiguration counterSpecifier="\ASP.NET Applications(__Total__)\Requests/Sec" sampleRate="PT3M" />
        <PerformanceCounterConfiguration counterSpecifier="\ASP.NET Applications(__Total__)\Errors Total/Sec" sampleRate="PT3M" />
        <PerformanceCounterConfiguration counterSpecifier="\ASP.NET\Requests Queued" sampleRate="PT3M" />
        <PerformanceCounterConfiguration counterSpecifier="\ASP.NET\Requests Rejected" sampleRate="PT3M" />
        <PerformanceCounterConfiguration counterSpecifier="\Processor(_Total)\% Processor Time" sampleRate="PT3M" />
      </PerformanceCounters>
    </DiagnosticMonitorConfiguration>
  </WadCfg>
  <StorageAccount>devstoreaccount1</StorageAccount>
</PublicConfig>
DiagnosticsPlugin.exe Information: 0 : [12/26/2015 15:38:39] Private setting is loaded
DiagnosticsPlugin.exe Information: 0 : [12/26/2015 15:38:39] Is config json/xml loaded
DiagnosticsPlugin.exe Information: 0 : [12/26/2015 15:38:40] Checkpoint file is presentC:\Users\victor\Source\Repos\Hahiti\Hahiti\csx\Debug\roles\Statistics Collector\approot\WAD0105\Configuration\Checkpoint.txt
DiagnosticsPlugin.exe Information: 0 : [12/26/2015 15:38:40] Will use local resource directory C:\Users\victor\Source\Repos\Hahiti\Hahiti\csx\Debug\roles\Statistics Collector\approot\WAD0105
DiagnosticsPlugin.exe Information: 0 : [12/26/2015 15:38:40] Will use endpoint https://core.windows.net for storage.
